C51 COMPILER V9.54   MAIN                                                                  07/24/2022 03:24:18 PAGE 1   


C51 COMPILER V9.54, COMPILATION OF MODULE MAIN
OBJECT MODULE PLACED IN .\Objects\main.obj
COMPILER INVOKED BY: D:\Keli5\C51\BIN\C51.EXE main.c OPTIMIZE(8,SPEED) BROWSE DEBUG OBJECTEXTEND PRINT(.\Listings\main.l
                    -st) TABS(2) OBJECT(.\Objects\main.obj)

line level    source

   1          #include <REGX52.H>
   2          #include <INTRINS.H>
   3          #include <DELAY.H>
   4          #include <KEY.H>
   5          
   6          unsigned char num;
   7          
   8          
   9          void main() {
  10   1        unsigned char i = 0;
  11   1        P2 = ~ 0x00; //Always turn down
  12   1        //Timer2Init();
  13   1        //EA = 1;
  14   1        //EX0 = 1;
  15   1        //IT0 = 0;
  16   1      
  17   1        while (1) {
  18   2          num = Key();
  19   2      
  20   2          if (num == 1) {  //==key1==
  21   3            Delay1ms(20);  //Delay for debounce, and the same goes for other keys
  22   3            while (P3_0 == 0);
  23   3            Delay1ms(20);
  24   3      
  25   3            P2_0 = ~ P2_0; //Turn down the light
  26   3          }
  27   2      
  28   2      
  29   2          if (num == 2) {  //==key2==
  30   3            Delay1ms(20);
  31   3            P2 = _crol_(P2, 1);  //it use crol funtion to move the LED light
  32   3            Delay1ms(20);
  33   3          }
  34   2      
  35   2      
  36   2          if (num == 3) {  //==key3==
  37   3            Delay1ms(20);
  38   3            P2 = _cror_(P2, 1);  //it use cror funtion to move the LED light
  39   3            Delay1ms(20);
  40   3          }
  41   2      
  42   2      
  43   2          if (num == 4) {  //==key4==
  44   3            while (1) {
  45   4              num = Key();
  46   4              P2 = _crol_(P2, 1);  //it use _crol_ funtion to move the LED light
  47   4              Delay1ms(450);
  48   4              
  49   4      //==INTENTION== : When you press key1 while running the stream, the code here ensures that you can still a
             -dd new lights//
  50   4              
  51   4              if (P3_1 == 0) {  //When you press key 4 & 1, this code can help you works well, This feature is not r
             -equested in the video but I tried to add it anyway
  52   5                Delay1ms(10);
C51 COMPILER V9.54   MAIN                                                                  07/24/2022 03:24:18 PAGE 2   

  53   5                while (P3_1 == 0);
  54   5                Delay1ms(10);
  55   5      
  56   5                P2_7 = ~ P2_7;     //By the way, this position must be recaculated
  57   5                if (num == 4) {
  58   6                  break;
  59   6                }
  60   5              }
  61   4              
  62   4      //==INTENTION== : When you press key1 while running the stream, the code here ensures that you can still a
             -dd new lights//
  63   4              
  64   4              if (num != 0) {
  65   5                break;
  66   5              }
  67   4            }
  68   3          }
  69   2      
  70   2      
  71   2        }  //firstWhile
  72   1      }  //mainFuntion
  73          
  74          
  75          
  76          
  77          
  78          
  79          //Thanks for watching and hope you have a good day , and this code was writen by LvZongyue on 23/7/2022


MODULE INFORMATION:   STATIC OVERLAYABLE
   CODE SIZE        =    167    ----
   CONSTANT SIZE    =   ----    ----
   XDATA SIZE       =   ----    ----
   PDATA SIZE       =   ----    ----
   DATA SIZE        =      1       1
   IDATA SIZE       =   ----    ----
   BIT SIZE         =   ----    ----
END OF MODULE INFORMATION.


C51 COMPILATION COMPLETE.  0 WARNING(S),  0 ERROR(S)
